<?xml version="1.0" encoding="UTF-8"?>
<!-- Generated by org.testng.reporters.JUnitReportReporter -->
<testsuite skipped="1" hostname="LAPTOP-37R1BT8F" name="TestPackage.TestNG_Lecture2" tests="3" failures="0" timestamp="2021-04-09T13:39:05 CAT" time="0.014" errors="0">
  <testcase name="Maxidoor" time="0.009" classname="TestPackage.TestNG_Lecture2"/>
  <testcase name="Marcodoor" time="0.005" classname="TestPackage.TestNG_Lecture2"/>
  <testcase name="Markdoor" classname="TestPackage.TestNG_Lecture2">
    <skipped/>
  </testcase> <!-- Markdoor -->
</testsuite> <!-- TestPackage.TestNG_Lecture2 -->
