<?xml version="1.0" encoding="UTF-8"?>
<!-- Generated by org.testng.reporters.JUnitReportReporter -->
<testsuite skipped="0" hostname="LAP00050" name="TestPackage.TestNGHelperAnnotations" tests="4" failures="0" timestamp="2020-05-26T12:38:50 CAT" time="0.022" errors="0">
  <testcase name="MethodB" time="0.003" classname="TestPackage.TestNGHelperAnnotations"/>
  <system-out/>
  <testcase name="MethodD" time="0.003" classname="TestPackage.TestNGHelperAnnotations"/>
  <system-out/>
  <testcase name="MethodC" time="0.001" classname="TestPackage.TestNGHelperAnnotations"/>
  <system-out/>
  <testcase name="MethodA" time="0.015" classname="TestPackage.TestNGHelperAnnotations"/>
  <system-out/>
</testsuite> <!-- TestPackage.TestNGHelperAnnotations -->
