<?xml version="1.0" encoding="UTF-8"?>
<!-- Generated by org.testng.reporters.JUnitReportReporter -->
<testsuite skipped="1" hostname="LAP00050" name="TestPackage.TestNG_Lecture2" tests="2" failures="0" timestamp="2020-09-10T18:59:08 CAT" time="0.010" errors="0">
  <testcase name="Maxidoor" time="0.010" classname="TestPackage.TestNG_Lecture2"/>
  <system-out/>
  <testcase name="Markdoor" classname="TestPackage.TestNG_Lecture2">
    <skipped/>
  </testcase> <!-- Markdoor -->
  <system-out/>
</testsuite> <!-- TestPackage.TestNG_Lecture2 -->
