<?xml version="1.0" encoding="UTF-8"?>
<!-- Generated by org.testng.reporters.JUnitReportReporter -->
<testsuite skipped="0" hostname="LAPTOP-37R1BT8F" name="TestPackage.TestNG_Lecture1" tests="4" failures="0" timestamp="2021-04-09T13:39:05 CAT" time="0.080" errors="0">
  <testcase name="Pavement" time="0.032" classname="TestPackage.TestNG_Lecture1"/>
  <testcase name="LampPost" time="0.030" classname="TestPackage.TestNG_Lecture1"/>
  <testcase name="House" time="0.009" classname="TestPackage.TestNG_Lecture1"/>
  <testcase name="Landscape" time="0.009" classname="TestPackage.TestNG_Lecture1"/>
</testsuite> <!-- TestPackage.TestNG_Lecture1 -->
