<?xml version="1.0" encoding="UTF-8"?>
<!-- Generated by org.testng.reporters.JUnitReportReporter -->
<testsuite skipped="2" hostname="LAP00050" name="TestPackage.TestNGAnnotationHelp" tests="7" failures="0" timestamp="2020-06-15T11:03:00 CAT" time="0.008" errors="0">
  <testcase name="GrassCombinationData" time="0.001" classname="TestPackage.TestNGAnnotationHelp"/>
  <system-out/>
  <testcase name="GrassCombinationData" time="0.004" classname="TestPackage.TestNGAnnotationHelp"/>
  <system-out/>
  <testcase name="MethodC" time="0.001" classname="TestPackage.TestNGAnnotationHelp"/>
  <system-out/>
  <testcase name="GrassCombinationData" time="0.001" classname="TestPackage.TestNGAnnotationHelp"/>
  <system-out/>
  <testcase name="MethodA" time="0.001" classname="TestPackage.TestNGAnnotationHelp"/>
  <system-out/>
  <testcase name="MethodD" classname="TestPackage.TestNGAnnotationHelp">
    <skipped/>
  </testcase> <!-- MethodD -->
  <system-out/>
  <testcase name="MethodB" classname="TestPackage.TestNGAnnotationHelp">
    <skipped/>
  </testcase> <!-- MethodB -->
  <system-out/>
</testsuite> <!-- TestPackage.TestNGAnnotationHelp -->
