<?xml version="1.0" encoding="UTF-8"?>
<!-- Generated by org.testng.reporters.JUnitReportReporter -->
<testsuite skipped="0" hostname="LAPTOP-37R1BT8F" name="TestPackage.TestNG_Lecture3" tests="1" failures="0" timestamp="2021-04-09T13:39:05 CAT" time="0.002" errors="0">
  <testcase name="bathroom" time="0.002" classname="TestPackage.TestNG_Lecture3"/>
</testsuite> <!-- TestPackage.TestNG_Lecture3 -->
