<?xml version="1.0" encoding="UTF-8"?>
<!-- Generated by org.testng.reporters.JUnitReportReporter -->
<testsuite skipped="2" hostname="LAPTOP-37R1BT8F" name="TestPackage.TestNGAnnotationHelp" tests="7" failures="0" timestamp="2021-04-09T13:39:05 CAT" time="0.050" errors="0">
  <testcase name="GrassCombinationData" time="0.008" classname="TestPackage.TestNGAnnotationHelp"/>
  <testcase name="GrassCombinationData" time="0.013" classname="TestPackage.TestNGAnnotationHelp"/>
  <testcase name="GrassCombinationData" time="0.017" classname="TestPackage.TestNGAnnotationHelp"/>
  <testcase name="MethodC" time="0.007" classname="TestPackage.TestNGAnnotationHelp"/>
  <testcase name="MethodA" time="0.005" classname="TestPackage.TestNGAnnotationHelp"/>
  <testcase name="MethodD" classname="TestPackage.TestNGAnnotationHelp">
    <skipped/>
  </testcase> <!-- MethodD -->
  <testcase name="MethodB" classname="TestPackage.TestNGAnnotationHelp">
    <skipped/>
  </testcase> <!-- MethodB -->
</testsuite> <!-- TestPackage.TestNGAnnotationHelp -->
