<?xml version="1.0" encoding="UTF-8"?>
<!-- Generated by org.testng.reporters.JUnitReportReporter -->
<testsuite skipped="0" hostname="LAP00050" name="TestPackage.TestNG_Lecture1" tests="4" failures="0" timestamp="2021-04-06T14:41:45 CAT" time="0.015" errors="0">
  <testcase name="LampPost" time="0.011" classname="TestPackage.TestNG_Lecture1"/>
  <system-out/>
  <testcase name="Pavement" time="0.002" classname="TestPackage.TestNG_Lecture1"/>
  <system-out/>
  <testcase name="Landscape" time="0.001" classname="TestPackage.TestNG_Lecture1"/>
  <system-out/>
  <testcase name="House" time="0.001" classname="TestPackage.TestNG_Lecture1"/>
  <system-out/>
</testsuite> <!-- TestPackage.TestNG_Lecture1 -->
